2025-08-31 00:12:06 | INFO     | utils.logger:setup:44 - 日志系统初始化完成
2025-08-31 00:12:06 | INFO     | utils.logger:setup:44 - 日志系统初始化完成
2025-08-31 00:12:06 | INFO     | utils.database:connect:36 - 数据库连接成功
2025-08-31 00:12:06 | INFO     | utils.database:create_table:52 - 国外热点数据表创建成功
2025-08-31 00:12:06 | INFO     | core.international_hotspot_manager:test_connection:90 - 数据库连接测试成功
2025-08-31 00:12:06 | INFO     | utils.database:disconnect:45 - 数据库连接已断开
2025-08-31 00:12:06 | INFO     | core.international_hotspot_manager:run_collection:32 - 开始运行国外热点数据收集流程
2025-08-31 00:12:06 | INFO     | core.international_hotspot_manager:run_collection:35 - 步骤1: 开始收集数据
2025-08-31 00:12:06 | INFO     | core.international_hotspot_collector:collect_all:97 - 开始收集 9 个数据源的数据
2025-08-31 00:12:06 | INFO     | core.international_hotspot_collector:collect_from_source:32 - 开始从 Reuters 收集数据
2025-08-31 00:12:27 | ERROR    | core.international_hotspot_collector:collect_from_source:44 - 从 Reuters 收集数据失败: HTTPSConnectionPool(host='www.reuters.com', port=443): Max retries exceeded with url: / (Caused by ConnectTimeoutError(<urllib3.connection.HTTPSConnection object at 0x0000021E37F96450>, 'Connection to www.reuters.com timed out. (connect timeout=30)'))
2025-08-31 00:12:27 | INFO     | core.international_hotspot_collector:collect_all:103 - 从 Reuters 收集到 0 条数据
2025-08-31 00:12:29 | INFO     | core.international_hotspot_collector:collect_from_source:32 - 开始从 Bloomberg 收集数据
2025-08-31 00:12:50 | ERROR    | core.international_hotspot_collector:collect_from_source:44 - 从 Bloomberg 收集数据失败: HTTPSConnectionPool(host='www.bloomberg.com', port=443): Max retries exceeded with url: / (Caused by ConnectTimeoutError(<urllib3.connection.HTTPSConnection object at 0x0000021E3805ADD0>, 'Connection to www.bloomberg.com timed out. (connect timeout=30)'))
2025-08-31 00:12:50 | INFO     | core.international_hotspot_collector:collect_all:103 - 从 Bloomberg 收集到 0 条数据
2025-08-31 00:12:52 | INFO     | core.international_hotspot_collector:collect_from_source:32 - 开始从 Financial Times 收集数据
2025-08-31 00:13:13 | ERROR    | core.international_hotspot_collector:collect_from_source:44 - 从 Financial Times 收集数据失败: HTTPSConnectionPool(host='www.ft.com', port=443): Max retries exceeded with url: / (Caused by ConnectTimeoutError(<urllib3.connection.HTTPSConnection object at 0x0000021E3806CC10>, 'Connection to www.ft.com timed out. (connect timeout=30)'))
2025-08-31 00:13:13 | INFO     | core.international_hotspot_collector:collect_all:103 - 从 Financial Times 收集到 0 条数据
2025-08-31 00:13:15 | INFO     | core.international_hotspot_collector:collect_from_source:32 - 开始从 Wall Street Journal 收集数据
2025-08-31 00:13:17 | ERROR    | core.international_hotspot_collector:collect_from_source:44 - 从 Wall Street Journal 收集数据失败: HTTPSConnectionPool(host='www.wsj.com', port=443): Max retries exceeded with url: / (Caused by NewConnectionError('<urllib3.connection.HTTPSConnection object at 0x0000021E3806E150>: Failed to establish a new connection: [WinError 10061] 由于目标计算机积极拒绝，无法连接。'))
2025-08-31 00:13:17 | INFO     | core.international_hotspot_collector:collect_all:103 - 从 Wall Street Journal 收集到 0 条数据
2025-08-31 00:13:19 | INFO     | core.international_hotspot_collector:collect_from_source:32 - 开始从 CNBC 收集数据
2025-08-31 00:13:22 | INFO     | core.international_hotspot_collector:collect_all:103 - 从 CNBC 收集到 7 条数据
2025-08-31 00:13:24 | INFO     | core.international_hotspot_collector:collect_from_source:32 - 开始从 IMF 收集数据
2025-08-31 00:13:55 | ERROR    | core.international_hotspot_collector:collect_from_source:44 - 从 IMF 收集数据失败: HTTPSConnectionPool(host='www.imf.org', port=443): Read timed out. (read timeout=30)
2025-08-31 00:13:55 | INFO     | core.international_hotspot_collector:collect_all:103 - 从 IMF 收集到 0 条数据
2025-08-31 00:13:57 | INFO     | core.international_hotspot_collector:collect_from_source:32 - 开始从 World Bank 收集数据
2025-08-31 00:13:58 | INFO     | core.international_hotspot_collector:collect_all:103 - 从 World Bank 收集到 8 条数据
2025-08-31 00:14:00 | INFO     | core.international_hotspot_collector:collect_from_source:32 - 开始从 Federal Reserve 收集数据
2025-08-31 00:14:02 | INFO     | core.international_hotspot_collector:collect_all:103 - 从 Federal Reserve 收集到 10 条数据
2025-08-31 00:14:04 | INFO     | core.international_hotspot_collector:collect_from_source:32 - 开始从 ECB 收集数据
2025-08-31 00:14:06 | INFO     | core.international_hotspot_collector:collect_all:103 - 从 ECB 收集到 3 条数据
2025-08-31 00:14:08 | INFO     | core.international_hotspot_collector:collect_all:110 - 总共收集到 28 条热点数据
2025-08-31 00:14:08 | INFO     | core.international_hotspot_manager:run_collection:43 - 步骤2: 开始分析数据
2025-08-31 00:14:08 | INFO     | core.international_hotspot_analyzer:analyze_hotspot:57 - 热点分析完成: fe9251ac18f671c20dc48048fb25509e
2025-08-31 00:14:08 | INFO     | core.international_hotspot_analyzer:analyze_hotspot:57 - 热点分析完成: 960469ebcf9eb5477e7934f4ddd8a94e
2025-08-31 00:14:08 | INFO     | core.international_hotspot_analyzer:analyze_hotspot:57 - 热点分析完成: 3fa411eeebde8f0f1de075e558dc21b4
2025-08-31 00:14:08 | INFO     | core.international_hotspot_analyzer:analyze_hotspot:57 - 热点分析完成: 98283015705429f81fd3ffd36646a1dc
2025-08-31 00:14:08 | INFO     | core.international_hotspot_analyzer:analyze_hotspot:57 - 热点分析完成: 2542ec6eadeeb692536ea26ae3e051ca
2025-08-31 00:14:08 | INFO     | core.international_hotspot_analyzer:analyze_hotspot:57 - 热点分析完成: 5ab5fbeb821c759e263895abc7331be3
2025-08-31 00:14:08 | INFO     | core.international_hotspot_analyzer:analyze_hotspot:57 - 热点分析完成: ec2407a0f4dbf4e4ca7c9d7aa939016e
2025-08-31 00:14:08 | INFO     | core.international_hotspot_analyzer:analyze_hotspot:57 - 热点分析完成: 727ab2f8069026b83401e68efd52ff98
2025-08-31 00:14:08 | INFO     | core.international_hotspot_analyzer:analyze_hotspot:57 - 热点分析完成: fe71e2cd7566a5da099ebcc9dac49d7f
2025-08-31 00:14:08 | INFO     | core.international_hotspot_analyzer:analyze_hotspot:57 - 热点分析完成: 210739f71e0f82795dd2216e5d182905
2025-08-31 00:14:08 | INFO     | core.international_hotspot_analyzer:analyze_hotspot:57 - 热点分析完成: 38f5ba5aeba94e113eb0df535305b75e
2025-08-31 00:14:08 | INFO     | core.international_hotspot_analyzer:analyze_hotspot:57 - 热点分析完成: 0621f33867ae4658d2bc77725c5dc59d
2025-08-31 00:14:08 | INFO     | core.international_hotspot_analyzer:analyze_hotspot:57 - 热点分析完成: 6a780f74d0f2d78e40187c79fad26f5c
2025-08-31 00:14:08 | INFO     | core.international_hotspot_analyzer:analyze_hotspot:57 - 热点分析完成: 93ff357a3442cad0825f00c06ee08a49
2025-08-31 00:14:08 | INFO     | core.international_hotspot_analyzer:analyze_hotspot:57 - 热点分析完成: 08401654de0f186051ac72275404ac5c
2025-08-31 00:14:08 | INFO     | core.international_hotspot_analyzer:analyze_hotspot:57 - 热点分析完成: 262f6105489608e9de31e9a991a21ec1
2025-08-31 00:14:08 | INFO     | core.international_hotspot_analyzer:analyze_hotspot:57 - 热点分析完成: c2038d4b3b313034275eceb7c3e5f0c3
2025-08-31 00:14:08 | INFO     | core.international_hotspot_analyzer:analyze_hotspot:57 - 热点分析完成: 9aba9daeacc0a2d0a190f2744874d710
2025-08-31 00:14:08 | INFO     | core.international_hotspot_analyzer:analyze_hotspot:57 - 热点分析完成: d828195b67fee98d1cb4d33dd7520d70
2025-08-31 00:14:08 | INFO     | core.international_hotspot_analyzer:analyze_hotspot:57 - 热点分析完成: b04ebf0054fbf6eb2428a6e34d0ba458
2025-08-31 00:14:08 | INFO     | core.international_hotspot_analyzer:analyze_hotspot:57 - 热点分析完成: fc04766442c96373dbf8e312943c7c89
2025-08-31 00:14:08 | INFO     | core.international_hotspot_analyzer:analyze_hotspot:57 - 热点分析完成: f3e0620eed8b2a87b49eab013a767986
2025-08-31 00:14:08 | INFO     | core.international_hotspot_analyzer:analyze_hotspot:57 - 热点分析完成: d0d1e08d855d3fcd2e449768ab62877a
2025-08-31 00:14:08 | INFO     | core.international_hotspot_analyzer:analyze_hotspot:57 - 热点分析完成: 1a3520b94e1f911c5e25bc65725b5068
2025-08-31 00:14:08 | INFO     | core.international_hotspot_analyzer:analyze_hotspot:57 - 热点分析完成: 2b98dd7e881a7a031eae2b0b5e5d4e2b
2025-08-31 00:14:08 | INFO     | core.international_hotspot_analyzer:analyze_hotspot:57 - 热点分析完成: 2fe5d1cf38b8064023e6cc4a0c9ab49c
2025-08-31 00:14:08 | INFO     | core.international_hotspot_analyzer:analyze_hotspot:57 - 热点分析完成: de19d4b45f173ab2c960477b92c54cc5
2025-08-31 00:14:08 | INFO     | core.international_hotspot_analyzer:analyze_hotspot:57 - 热点分析完成: cc304135673ef1d564cc5eef37099878
2025-08-31 00:14:08 | INFO     | core.international_hotspot_analyzer:analyze_hotspots:72 - 批量分析完成，共分析 28 条数据
2025-08-31 00:14:08 | INFO     | core.international_hotspot_manager:run_collection:47 - 步骤3: 开始存储数据
2025-08-31 00:14:08 | INFO     | utils.database:connect:36 - 数据库连接成功
2025-08-31 00:14:08 | INFO     | utils.database:create_table:52 - 国外热点数据表创建成功
2025-08-31 00:14:08 | INFO     | utils.database:insert_hotspot:93 - 热点数据插入成功: fe9251ac18f671c20dc48048fb25509e
2025-08-31 00:14:08 | INFO     | utils.database:insert_hotspot:93 - 热点数据插入成功: 960469ebcf9eb5477e7934f4ddd8a94e
2025-08-31 00:14:08 | INFO     | utils.database:insert_hotspot:93 - 热点数据插入成功: 3fa411eeebde8f0f1de075e558dc21b4
2025-08-31 00:14:08 | INFO     | utils.database:insert_hotspot:93 - 热点数据插入成功: 98283015705429f81fd3ffd36646a1dc
2025-08-31 00:14:08 | INFO     | utils.database:insert_hotspot:93 - 热点数据插入成功: 2542ec6eadeeb692536ea26ae3e051ca
2025-08-31 00:14:08 | INFO     | utils.database:insert_hotspot:93 - 热点数据插入成功: 5ab5fbeb821c759e263895abc7331be3
2025-08-31 00:14:08 | INFO     | utils.database:insert_hotspot:93 - 热点数据插入成功: ec2407a0f4dbf4e4ca7c9d7aa939016e
2025-08-31 00:14:08 | INFO     | utils.database:insert_hotspot:93 - 热点数据插入成功: 727ab2f8069026b83401e68efd52ff98
2025-08-31 00:14:08 | INFO     | utils.database:insert_hotspot:93 - 热点数据插入成功: fe71e2cd7566a5da099ebcc9dac49d7f
2025-08-31 00:14:08 | INFO     | utils.database:insert_hotspot:93 - 热点数据插入成功: 210739f71e0f82795dd2216e5d182905
2025-08-31 00:14:08 | INFO     | utils.database:insert_hotspot:93 - 热点数据插入成功: 38f5ba5aeba94e113eb0df535305b75e
2025-08-31 00:14:08 | INFO     | utils.database:insert_hotspot:93 - 热点数据插入成功: 0621f33867ae4658d2bc77725c5dc59d
2025-08-31 00:14:08 | INFO     | utils.database:insert_hotspot:93 - 热点数据插入成功: 6a780f74d0f2d78e40187c79fad26f5c
2025-08-31 00:14:08 | INFO     | utils.database:insert_hotspot:93 - 热点数据插入成功: 93ff357a3442cad0825f00c06ee08a49
2025-08-31 00:14:08 | INFO     | utils.database:insert_hotspot:93 - 热点数据插入成功: 08401654de0f186051ac72275404ac5c
2025-08-31 00:14:08 | INFO     | utils.database:insert_hotspot:93 - 热点数据插入成功: 262f6105489608e9de31e9a991a21ec1
2025-08-31 00:14:08 | INFO     | utils.database:insert_hotspot:93 - 热点数据插入成功: c2038d4b3b313034275eceb7c3e5f0c3
2025-08-31 00:14:08 | INFO     | utils.database:insert_hotspot:93 - 热点数据插入成功: 9aba9daeacc0a2d0a190f2744874d710
2025-08-31 00:14:08 | INFO     | utils.database:insert_hotspot:93 - 热点数据插入成功: d828195b67fee98d1cb4d33dd7520d70
2025-08-31 00:14:08 | INFO     | utils.database:insert_hotspot:93 - 热点数据插入成功: b04ebf0054fbf6eb2428a6e34d0ba458
2025-08-31 00:14:08 | INFO     | utils.database:insert_hotspot:93 - 热点数据插入成功: fc04766442c96373dbf8e312943c7c89
2025-08-31 00:14:08 | INFO     | utils.database:insert_hotspot:93 - 热点数据插入成功: f3e0620eed8b2a87b49eab013a767986
2025-08-31 00:14:08 | INFO     | utils.database:insert_hotspot:93 - 热点数据插入成功: d0d1e08d855d3fcd2e449768ab62877a
2025-08-31 00:14:08 | INFO     | utils.database:insert_hotspot:93 - 热点数据插入成功: 1a3520b94e1f911c5e25bc65725b5068
2025-08-31 00:14:08 | INFO     | utils.database:insert_hotspot:93 - 热点数据插入成功: 2b98dd7e881a7a031eae2b0b5e5d4e2b
2025-08-31 00:14:08 | INFO     | utils.database:insert_hotspot:93 - 热点数据插入成功: 2fe5d1cf38b8064023e6cc4a0c9ab49c
2025-08-31 00:14:08 | INFO     | utils.database:insert_hotspot:93 - 热点数据插入成功: de19d4b45f173ab2c960477b92c54cc5
2025-08-31 00:14:08 | INFO     | utils.database:insert_hotspot:93 - 热点数据插入成功: cc304135673ef1d564cc5eef37099878
2025-08-31 00:14:08 | INFO     | core.international_hotspot_manager:run_collection:58 - 数据存储完成，成功: 28/28
2025-08-31 00:14:08 | INFO     | utils.database:disconnect:45 - 数据库连接已断开
2025-08-31 00:14:08 | INFO     | core.international_hotspot_manager:run_collection:60 - 国外热点数据收集流程完成
2025-08-31 00:14:09 | INFO     | utils.database:connect:36 - 数据库连接成功
2025-08-31 00:14:09 | INFO     | utils.database:disconnect:45 - 数据库连接已断开
2025-08-31 17:09:41 | INFO     | utils.logger:setup:44 - 日志系统初始化完成
2025-08-31 17:09:41 | INFO     | utils.logger:setup:44 - 日志系统初始化完成
2025-08-31 17:18:44 | INFO     | utils.logger:setup:44 - 日志系统初始化完成
2025-08-31 17:18:44 | INFO     | utils.logger:setup:44 - 日志系统初始化完成
2025-08-31 17:18:44 | INFO     | __main__:<module>:98 - 启动国外热点数据服务，端口: 5004
2025-08-31 17:18:48 | INFO     | utils.logger:setup:44 - 日志系统初始化完成
2025-08-31 17:18:48 | INFO     | utils.logger:setup:44 - 日志系统初始化完成
2025-08-31 17:18:48 | INFO     | __main__:<module>:98 - 启动国外热点数据服务，端口: 5004
2025-08-31 17:21:36 | INFO     | utils.database:connect:36 - 数据库连接成功
2025-08-31 17:21:36 | INFO     | utils.database:connect:36 - 数据库连接成功
2025-08-31 17:21:36 | ERROR    | utils.database:get_statistics:144 - 获取统计数据失败: 'NoneType' object has no attribute 'read'
2025-08-31 17:21:36 | ERROR    | utils.database:get_hotspots:120 - 获取热点数据失败: Packet sequence number wrong - got 102 expected 19
2025-08-31 17:21:36 | INFO     | utils.database:disconnect:45 - 数据库连接已断开
2025-08-31 17:21:36 | ERROR    | core.international_hotspot_manager:get_hotspots:73 - 获取热点数据失败: Already closed
2025-08-31 17:22:42 | INFO     | utils.database:connect:36 - 数据库连接成功
2025-08-31 17:22:42 | INFO     | utils.database:connect:36 - 数据库连接成功
2025-08-31 17:22:42 | INFO     | utils.database:disconnect:45 - 数据库连接已断开
2025-08-31 17:22:42 | ERROR    | core.international_hotspot_manager:get_statistics:82 - 获取统计数据失败: Already closed
2025-08-31 17:27:09 | INFO     | utils.database:connect:36 - 数据库连接成功
2025-08-31 17:27:09 | INFO     | utils.database:connect:36 - 数据库连接成功
2025-08-31 17:27:09 | ERROR    | utils.database:get_statistics:144 - 获取统计数据失败: 'NoneType' object has no attribute 'read'
2025-08-31 17:27:09 | ERROR    | utils.database:get_hotspots:120 - 获取热点数据失败: (2013, 'Lost connection to MySQL server during query')
2025-08-31 17:27:09 | INFO     | utils.database:disconnect:45 - 数据库连接已断开
2025-08-31 17:27:09 | ERROR    | core.international_hotspot_manager:get_hotspots:73 - 获取热点数据失败: Already closed
2025-08-31 17:27:21 | INFO     | utils.database:connect:36 - 数据库连接成功
2025-08-31 17:27:21 | INFO     | utils.database:connect:36 - 数据库连接成功
2025-08-31 17:27:21 | ERROR    | utils.database:get_statistics:144 - 获取统计数据失败: 'NoneType' object has no attribute 'read'
2025-08-31 17:27:21 | ERROR    | utils.database:get_hotspots:120 - 获取热点数据失败: (2013, 'Lost connection to MySQL server during query')
2025-08-31 17:27:21 | INFO     | utils.database:disconnect:45 - 数据库连接已断开
2025-08-31 17:27:21 | ERROR    | core.international_hotspot_manager:get_hotspots:73 - 获取热点数据失败: Already closed
2025-08-31 17:27:22 | INFO     | utils.database:connect:36 - 数据库连接成功
2025-08-31 17:27:22 | INFO     | utils.database:connect:36 - 数据库连接成功
2025-08-31 17:27:22 | INFO     | utils.database:disconnect:45 - 数据库连接已断开
2025-08-31 17:27:22 | ERROR    | core.international_hotspot_manager:get_statistics:82 - 获取统计数据失败: Already closed
2025-08-31 17:27:53 | INFO     | utils.database:connect:36 - 数据库连接成功
2025-08-31 17:27:54 | INFO     | utils.database:connect:36 - 数据库连接成功
2025-08-31 17:27:54 | INFO     | utils.database:disconnect:45 - 数据库连接已断开
2025-08-31 17:27:54 | ERROR    | core.international_hotspot_manager:get_statistics:82 - 获取统计数据失败: Already closed
2025-08-31 17:27:54 | INFO     | core.international_hotspot_manager:run_collection:32 - 开始运行国外热点数据收集流程
2025-08-31 17:27:54 | INFO     | core.international_hotspot_manager:run_collection:35 - 步骤1: 开始收集数据
2025-08-31 17:27:54 | INFO     | core.international_hotspot_collector:collect_all:97 - 开始收集 9 个数据源的数据
2025-08-31 17:27:54 | INFO     | core.international_hotspot_collector:collect_from_source:32 - 开始从 Reuters 收集数据
2025-08-31 17:28:16 | ERROR    | core.international_hotspot_collector:collect_from_source:44 - 从 Reuters 收集数据失败: HTTPSConnectionPool(host='www.reuters.com', port=443): Max retries exceeded with url: / (Caused by ConnectTimeoutError(<urllib3.connection.HTTPSConnection object at 0x000001DFAC4E7990>, 'Connection to www.reuters.com timed out. (connect timeout=30)'))
2025-08-31 17:28:16 | INFO     | core.international_hotspot_collector:collect_all:103 - 从 Reuters 收集到 0 条数据
2025-08-31 17:28:18 | INFO     | core.international_hotspot_collector:collect_from_source:32 - 开始从 Bloomberg 收集数据
2025-08-31 17:28:19 | ERROR    | core.international_hotspot_collector:collect_from_source:44 - 从 Bloomberg 收集数据失败: ('Connection aborted.', ConnectionResetError(10054, '远程主机强迫关闭了一个现有的连接。', None, 10054, None))
2025-08-31 17:28:19 | INFO     | core.international_hotspot_collector:collect_all:103 - 从 Bloomberg 收集到 0 条数据
2025-08-31 17:28:21 | INFO     | core.international_hotspot_collector:collect_from_source:32 - 开始从 Financial Times 收集数据
2025-08-31 17:28:43 | ERROR    | core.international_hotspot_collector:collect_from_source:44 - 从 Financial Times 收集数据失败: HTTPSConnectionPool(host='www.ft.com', port=443): Max retries exceeded with url: / (Caused by ConnectTimeoutError(<urllib3.connection.HTTPSConnection object at 0x000001DFAC4F6010>, 'Connection to www.ft.com timed out. (connect timeout=30)'))
2025-08-31 17:28:43 | INFO     | core.international_hotspot_collector:collect_all:103 - 从 Financial Times 收集到 0 条数据
2025-08-31 17:28:45 | INFO     | core.international_hotspot_collector:collect_from_source:32 - 开始从 Wall Street Journal 收集数据
2025-08-31 17:29:06 | ERROR    | core.international_hotspot_collector:collect_from_source:44 - 从 Wall Street Journal 收集数据失败: HTTPSConnectionPool(host='www.wsj.com', port=443): Max retries exceeded with url: / (Caused by ConnectTimeoutError(<urllib3.connection.HTTPSConnection object at 0x000001DFAC4F79D0>, 'Connection to www.wsj.com timed out. (connect timeout=30)'))
2025-08-31 17:29:06 | INFO     | core.international_hotspot_collector:collect_all:103 - 从 Wall Street Journal 收集到 0 条数据
2025-08-31 17:29:08 | INFO     | core.international_hotspot_collector:collect_from_source:32 - 开始从 CNBC 收集数据
2025-08-31 17:29:10 | INFO     | core.international_hotspot_collector:collect_all:103 - 从 CNBC 收集到 7 条数据
2025-08-31 17:29:12 | INFO     | core.international_hotspot_collector:collect_from_source:32 - 开始从 IMF 收集数据
2025-08-31 17:29:43 | ERROR    | core.international_hotspot_collector:collect_from_source:44 - 从 IMF 收集数据失败: ('Connection aborted.', RemoteDisconnected('Remote end closed connection without response'))
2025-08-31 17:29:43 | INFO     | core.international_hotspot_collector:collect_all:103 - 从 IMF 收集到 0 条数据
2025-08-31 17:29:45 | INFO     | core.international_hotspot_collector:collect_from_source:32 - 开始从 World Bank 收集数据
2025-08-31 17:29:46 | INFO     | core.international_hotspot_collector:collect_all:103 - 从 World Bank 收集到 8 条数据
2025-08-31 17:29:48 | INFO     | core.international_hotspot_collector:collect_from_source:32 - 开始从 Federal Reserve 收集数据
2025-08-31 17:29:50 | INFO     | core.international_hotspot_collector:collect_all:103 - 从 Federal Reserve 收集到 10 条数据
2025-08-31 17:29:52 | INFO     | core.international_hotspot_collector:collect_from_source:32 - 开始从 ECB 收集数据
2025-08-31 17:29:55 | INFO     | core.international_hotspot_collector:collect_all:103 - 从 ECB 收集到 3 条数据
2025-08-31 17:29:57 | INFO     | core.international_hotspot_collector:collect_all:110 - 总共收集到 28 条热点数据
2025-08-31 17:29:57 | INFO     | core.international_hotspot_manager:run_collection:43 - 步骤2: 开始分析数据
2025-08-31 17:29:57 | INFO     | core.international_hotspot_analyzer:analyze_hotspot:57 - 热点分析完成: fe9251ac18f671c20dc48048fb25509e
2025-08-31 17:29:57 | INFO     | core.international_hotspot_analyzer:analyze_hotspot:57 - 热点分析完成: 960469ebcf9eb5477e7934f4ddd8a94e
2025-08-31 17:29:57 | INFO     | core.international_hotspot_analyzer:analyze_hotspot:57 - 热点分析完成: 3fa411eeebde8f0f1de075e558dc21b4
2025-08-31 17:29:57 | INFO     | core.international_hotspot_analyzer:analyze_hotspot:57 - 热点分析完成: 98283015705429f81fd3ffd36646a1dc
2025-08-31 17:29:57 | INFO     | core.international_hotspot_analyzer:analyze_hotspot:57 - 热点分析完成: 2542ec6eadeeb692536ea26ae3e051ca
2025-08-31 17:29:57 | INFO     | core.international_hotspot_analyzer:analyze_hotspot:57 - 热点分析完成: 5ab5fbeb821c759e263895abc7331be3
2025-08-31 17:29:57 | INFO     | core.international_hotspot_analyzer:analyze_hotspot:57 - 热点分析完成: ec2407a0f4dbf4e4ca7c9d7aa939016e
2025-08-31 17:29:57 | INFO     | core.international_hotspot_analyzer:analyze_hotspot:57 - 热点分析完成: 727ab2f8069026b83401e68efd52ff98
2025-08-31 17:29:57 | INFO     | core.international_hotspot_analyzer:analyze_hotspot:57 - 热点分析完成: fe71e2cd7566a5da099ebcc9dac49d7f
2025-08-31 17:29:57 | INFO     | core.international_hotspot_analyzer:analyze_hotspot:57 - 热点分析完成: 210739f71e0f82795dd2216e5d182905
2025-08-31 17:29:57 | INFO     | core.international_hotspot_analyzer:analyze_hotspot:57 - 热点分析完成: 38f5ba5aeba94e113eb0df535305b75e
2025-08-31 17:29:57 | INFO     | core.international_hotspot_analyzer:analyze_hotspot:57 - 热点分析完成: 0621f33867ae4658d2bc77725c5dc59d
2025-08-31 17:29:57 | INFO     | core.international_hotspot_analyzer:analyze_hotspot:57 - 热点分析完成: 6a780f74d0f2d78e40187c79fad26f5c
2025-08-31 17:29:57 | INFO     | core.international_hotspot_analyzer:analyze_hotspot:57 - 热点分析完成: 93ff357a3442cad0825f00c06ee08a49
2025-08-31 17:29:57 | INFO     | core.international_hotspot_analyzer:analyze_hotspot:57 - 热点分析完成: 08401654de0f186051ac72275404ac5c
2025-08-31 17:29:57 | INFO     | core.international_hotspot_analyzer:analyze_hotspot:57 - 热点分析完成: 262f6105489608e9de31e9a991a21ec1
2025-08-31 17:29:57 | INFO     | core.international_hotspot_analyzer:analyze_hotspot:57 - 热点分析完成: c2038d4b3b313034275eceb7c3e5f0c3
2025-08-31 17:29:57 | INFO     | core.international_hotspot_analyzer:analyze_hotspot:57 - 热点分析完成: 9aba9daeacc0a2d0a190f2744874d710
2025-08-31 17:29:57 | INFO     | core.international_hotspot_analyzer:analyze_hotspot:57 - 热点分析完成: d828195b67fee98d1cb4d33dd7520d70
2025-08-31 17:29:57 | INFO     | core.international_hotspot_analyzer:analyze_hotspot:57 - 热点分析完成: b04ebf0054fbf6eb2428a6e34d0ba458
2025-08-31 17:29:57 | INFO     | core.international_hotspot_analyzer:analyze_hotspot:57 - 热点分析完成: fc04766442c96373dbf8e312943c7c89
2025-08-31 17:29:57 | INFO     | core.international_hotspot_analyzer:analyze_hotspot:57 - 热点分析完成: f3e0620eed8b2a87b49eab013a767986
2025-08-31 17:29:57 | INFO     | core.international_hotspot_analyzer:analyze_hotspot:57 - 热点分析完成: d0d1e08d855d3fcd2e449768ab62877a
2025-08-31 17:29:57 | INFO     | core.international_hotspot_analyzer:analyze_hotspot:57 - 热点分析完成: 1a3520b94e1f911c5e25bc65725b5068
2025-08-31 17:29:57 | INFO     | core.international_hotspot_analyzer:analyze_hotspot:57 - 热点分析完成: 2b98dd7e881a7a031eae2b0b5e5d4e2b
2025-08-31 17:29:57 | INFO     | core.international_hotspot_analyzer:analyze_hotspot:57 - 热点分析完成: 2fe5d1cf38b8064023e6cc4a0c9ab49c
2025-08-31 17:29:57 | INFO     | core.international_hotspot_analyzer:analyze_hotspot:57 - 热点分析完成: de19d4b45f173ab2c960477b92c54cc5
2025-08-31 17:29:57 | INFO     | core.international_hotspot_analyzer:analyze_hotspot:57 - 热点分析完成: cc304135673ef1d564cc5eef37099878
2025-08-31 17:29:57 | INFO     | core.international_hotspot_analyzer:analyze_hotspots:72 - 批量分析完成，共分析 28 条数据
2025-08-31 17:29:57 | INFO     | core.international_hotspot_manager:run_collection:47 - 步骤3: 开始存储数据
2025-08-31 17:29:57 | INFO     | utils.database:connect:36 - 数据库连接成功
2025-08-31 17:29:57 | INFO     | utils.database:create_table:52 - 国外热点数据表创建成功
2025-08-31 17:29:57 | INFO     | utils.database:insert_hotspot:93 - 热点数据插入成功: fe9251ac18f671c20dc48048fb25509e
2025-08-31 17:29:57 | INFO     | utils.database:insert_hotspot:93 - 热点数据插入成功: 960469ebcf9eb5477e7934f4ddd8a94e
2025-08-31 17:29:57 | INFO     | utils.database:insert_hotspot:93 - 热点数据插入成功: 3fa411eeebde8f0f1de075e558dc21b4
2025-08-31 17:29:57 | INFO     | utils.database:insert_hotspot:93 - 热点数据插入成功: 98283015705429f81fd3ffd36646a1dc
2025-08-31 17:29:57 | INFO     | utils.database:insert_hotspot:93 - 热点数据插入成功: 2542ec6eadeeb692536ea26ae3e051ca
2025-08-31 17:29:57 | INFO     | utils.database:insert_hotspot:93 - 热点数据插入成功: 5ab5fbeb821c759e263895abc7331be3
2025-08-31 17:29:57 | INFO     | utils.database:insert_hotspot:93 - 热点数据插入成功: ec2407a0f4dbf4e4ca7c9d7aa939016e
2025-08-31 17:29:57 | INFO     | utils.database:insert_hotspot:93 - 热点数据插入成功: 727ab2f8069026b83401e68efd52ff98
2025-08-31 17:29:57 | INFO     | utils.database:insert_hotspot:93 - 热点数据插入成功: fe71e2cd7566a5da099ebcc9dac49d7f
2025-08-31 17:29:57 | INFO     | utils.database:insert_hotspot:93 - 热点数据插入成功: 210739f71e0f82795dd2216e5d182905
2025-08-31 17:29:57 | INFO     | utils.database:insert_hotspot:93 - 热点数据插入成功: 38f5ba5aeba94e113eb0df535305b75e
2025-08-31 17:29:57 | INFO     | utils.database:insert_hotspot:93 - 热点数据插入成功: 0621f33867ae4658d2bc77725c5dc59d
2025-08-31 17:29:57 | INFO     | utils.database:insert_hotspot:93 - 热点数据插入成功: 6a780f74d0f2d78e40187c79fad26f5c
2025-08-31 17:29:57 | INFO     | utils.database:insert_hotspot:93 - 热点数据插入成功: 93ff357a3442cad0825f00c06ee08a49
2025-08-31 17:29:57 | INFO     | utils.database:insert_hotspot:93 - 热点数据插入成功: 08401654de0f186051ac72275404ac5c
2025-08-31 17:29:57 | INFO     | utils.database:insert_hotspot:93 - 热点数据插入成功: 262f6105489608e9de31e9a991a21ec1
2025-08-31 17:29:57 | INFO     | utils.database:insert_hotspot:93 - 热点数据插入成功: c2038d4b3b313034275eceb7c3e5f0c3
2025-08-31 17:29:57 | INFO     | utils.database:insert_hotspot:93 - 热点数据插入成功: 9aba9daeacc0a2d0a190f2744874d710
2025-08-31 17:29:57 | INFO     | utils.database:insert_hotspot:93 - 热点数据插入成功: d828195b67fee98d1cb4d33dd7520d70
2025-08-31 17:29:57 | INFO     | utils.database:insert_hotspot:93 - 热点数据插入成功: b04ebf0054fbf6eb2428a6e34d0ba458
2025-08-31 17:29:57 | INFO     | utils.database:insert_hotspot:93 - 热点数据插入成功: fc04766442c96373dbf8e312943c7c89
2025-08-31 17:29:57 | INFO     | utils.database:insert_hotspot:93 - 热点数据插入成功: f3e0620eed8b2a87b49eab013a767986
2025-08-31 17:29:57 | INFO     | utils.database:insert_hotspot:93 - 热点数据插入成功: d0d1e08d855d3fcd2e449768ab62877a
2025-08-31 17:29:57 | INFO     | utils.database:insert_hotspot:93 - 热点数据插入成功: 1a3520b94e1f911c5e25bc65725b5068
2025-08-31 17:29:57 | INFO     | utils.database:insert_hotspot:93 - 热点数据插入成功: 2b98dd7e881a7a031eae2b0b5e5d4e2b
2025-08-31 17:29:57 | INFO     | utils.database:insert_hotspot:93 - 热点数据插入成功: 2fe5d1cf38b8064023e6cc4a0c9ab49c
2025-08-31 17:29:57 | INFO     | utils.database:insert_hotspot:93 - 热点数据插入成功: de19d4b45f173ab2c960477b92c54cc5
2025-08-31 17:29:57 | INFO     | utils.database:insert_hotspot:93 - 热点数据插入成功: cc304135673ef1d564cc5eef37099878
2025-08-31 17:29:57 | INFO     | core.international_hotspot_manager:run_collection:58 - 数据存储完成，成功: 28/28
2025-08-31 17:29:57 | INFO     | utils.database:disconnect:45 - 数据库连接已断开
2025-08-31 17:29:57 | INFO     | core.international_hotspot_manager:run_collection:60 - 国外热点数据收集流程完成
2025-08-31 17:30:24 | INFO     | utils.database:connect:36 - 数据库连接成功
2025-08-31 17:30:24 | INFO     | utils.database:disconnect:45 - 数据库连接已断开
2025-08-31 17:30:26 | INFO     | utils.database:connect:36 - 数据库连接成功
2025-08-31 17:30:26 | INFO     | utils.database:disconnect:45 - 数据库连接已断开
2025-08-31 17:31:59 | INFO     | utils.database:connect:36 - 数据库连接成功
2025-08-31 17:31:59 | INFO     | utils.database:connect:36 - 数据库连接成功
2025-08-31 17:31:59 | ERROR    | utils.database:get_statistics:144 - 获取统计数据失败: 'NoneType' object has no attribute 'read'
2025-08-31 17:31:59 | INFO     | utils.database:disconnect:45 - 数据库连接已断开
2025-08-31 17:31:59 | ERROR    | utils.database:get_hotspots:120 - 获取热点数据失败: Packet sequence number wrong - got 102 expected 3
2025-08-31 17:31:59 | ERROR    | core.international_hotspot_manager:get_hotspots:73 - 获取热点数据失败: Already closed
2025-08-31 17:32:00 | INFO     | utils.database:connect:36 - 数据库连接成功
2025-08-31 17:32:00 | INFO     | utils.database:connect:36 - 数据库连接成功
2025-08-31 17:32:00 | ERROR    | utils.database:get_statistics:144 - 获取统计数据失败: 'NoneType' object has no attribute 'read'
2025-08-31 17:32:00 | ERROR    | utils.database:get_hotspots:120 - 获取热点数据失败: Packet sequence number wrong - got 102 expected 3
2025-08-31 17:32:00 | INFO     | utils.database:disconnect:45 - 数据库连接已断开
2025-08-31 17:32:00 | ERROR    | core.international_hotspot_manager:get_hotspots:73 - 获取热点数据失败: Already closed
2025-08-31 17:35:56 | INFO     | utils.database:connect:36 - 数据库连接成功
2025-08-31 17:35:56 | INFO     | utils.database:connect:36 - 数据库连接成功
2025-08-31 17:35:56 | ERROR    | utils.database:get_hotspots:120 - 获取热点数据失败: 'NoneType' object has no attribute 'read'
2025-08-31 17:35:56 | ERROR    | utils.database:get_statistics:144 - 获取统计数据失败: Packet sequence number wrong - got 102 expected 3
2025-08-31 17:35:56 | INFO     | utils.database:disconnect:45 - 数据库连接已断开
2025-08-31 17:35:56 | ERROR    | core.international_hotspot_manager:get_statistics:82 - 获取统计数据失败: Already closed
2025-08-31 17:36:30 | INFO     | utils.database:connect:36 - 数据库连接成功
2025-08-31 17:36:30 | INFO     | utils.database:connect:36 - 数据库连接成功
2025-08-31 17:36:30 | INFO     | utils.database:disconnect:45 - 数据库连接已断开
2025-08-31 17:36:30 | ERROR    | utils.database:get_hotspots:120 - 获取热点数据失败: 'NoneType' object has no attribute 'read'
2025-08-31 17:36:30 | ERROR    | core.international_hotspot_manager:get_hotspots:73 - 获取热点数据失败: Already closed
2025-08-31 17:36:31 | INFO     | utils.database:connect:36 - 数据库连接成功
2025-08-31 17:36:31 | INFO     | utils.database:connect:36 - 数据库连接成功
2025-08-31 17:36:31 | ERROR    | utils.database:get_statistics:144 - 获取统计数据失败: 'NoneType' object has no attribute 'read'
2025-08-31 17:36:31 | ERROR    | utils.database:get_hotspots:120 - 获取热点数据失败: Packet sequence number wrong - got 2 expected 4
2025-08-31 17:36:31 | INFO     | utils.database:disconnect:45 - 数据库连接已断开
2025-08-31 17:36:31 | ERROR    | core.international_hotspot_manager:get_hotspots:73 - 获取热点数据失败: Already closed
2025-08-31 17:36:31 | INFO     | utils.database:connect:36 - 数据库连接成功
2025-08-31 17:36:31 | INFO     | utils.database:connect:36 - 数据库连接成功
2025-08-31 17:36:31 | INFO     | utils.database:disconnect:45 - 数据库连接已断开
2025-08-31 17:36:31 | ERROR    | core.international_hotspot_manager:get_statistics:82 - 获取统计数据失败: Already closed
2025-08-31 17:36:31 | INFO     | utils.database:connect:36 - 数据库连接成功
2025-08-31 17:36:31 | INFO     | utils.database:connect:36 - 数据库连接成功
2025-08-31 17:36:31 | INFO     | utils.database:disconnect:45 - 数据库连接已断开
2025-08-31 17:36:31 | ERROR    | core.international_hotspot_manager:get_statistics:82 - 获取统计数据失败: Already closed
2025-08-31 17:36:31 | INFO     | utils.database:connect:36 - 数据库连接成功
2025-08-31 17:36:31 | INFO     | utils.database:disconnect:45 - 数据库连接已断开
2025-08-31 17:36:31 | INFO     | utils.database:connect:36 - 数据库连接成功
2025-08-31 17:36:31 | INFO     | utils.database:disconnect:45 - 数据库连接已断开
2025-08-31 17:37:02 | INFO     | utils.database:connect:36 - 数据库连接成功
2025-08-31 17:37:02 | INFO     | utils.database:connect:36 - 数据库连接成功
2025-08-31 17:37:02 | INFO     | utils.database:disconnect:45 - 数据库连接已断开
2025-08-31 17:37:02 | ERROR    | core.international_hotspot_manager:get_statistics:82 - 获取统计数据失败: Already closed
2025-08-31 17:37:17 | INFO     | utils.database:connect:36 - 数据库连接成功
2025-08-31 17:37:17 | INFO     | utils.database:disconnect:45 - 数据库连接已断开
2025-08-31 17:37:43 | INFO     | utils.database:connect:36 - 数据库连接成功
2025-08-31 17:37:43 | INFO     | utils.database:connect:36 - 数据库连接成功
2025-08-31 17:37:43 | INFO     | utils.database:disconnect:45 - 数据库连接已断开
2025-08-31 17:37:44 | ERROR    | core.international_hotspot_manager:get_statistics:82 - 获取统计数据失败: Already closed
2025-08-31 17:40:06 | INFO     | utils.database:connect:36 - 数据库连接成功
2025-08-31 17:40:06 | INFO     | utils.database:disconnect:45 - 数据库连接已断开
2025-08-31 17:40:06 | INFO     | utils.database:connect:36 - 数据库连接成功
2025-08-31 17:40:06 | INFO     | utils.database:disconnect:45 - 数据库连接已断开
2025-08-31 17:40:14 | INFO     | utils.database:connect:36 - 数据库连接成功
2025-08-31 17:40:14 | INFO     | utils.database:connect:36 - 数据库连接成功
2025-08-31 17:40:14 | INFO     | utils.database:disconnect:45 - 数据库连接已断开
2025-08-31 17:40:14 | ERROR    | core.international_hotspot_manager:get_statistics:82 - 获取统计数据失败: Already closed
2025-08-31 17:42:07 | INFO     | utils.database:connect:36 - 数据库连接成功
2025-08-31 17:42:07 | INFO     | utils.database:connect:36 - 数据库连接成功
2025-08-31 17:42:07 | ERROR    | utils.database:get_hotspots:120 - 获取热点数据失败: 'NoneType' object has no attribute 'read'
2025-08-31 17:42:07 | ERROR    | utils.database:get_statistics:144 - 获取统计数据失败: (2013, 'Lost connection to MySQL server during query')
2025-08-31 17:42:07 | INFO     | utils.database:disconnect:45 - 数据库连接已断开
2025-08-31 17:42:07 | ERROR    | core.international_hotspot_manager:get_statistics:82 - 获取统计数据失败: Already closed
2025-08-31 17:42:18 | INFO     | utils.database:connect:36 - 数据库连接成功
2025-08-31 17:42:18 | INFO     | utils.database:connect:36 - 数据库连接成功
2025-08-31 17:42:18 | INFO     | utils.database:disconnect:45 - 数据库连接已断开
2025-08-31 17:42:18 | ERROR    | core.international_hotspot_manager:get_statistics:82 - 获取统计数据失败: Already closed
2025-08-31 17:42:45 | INFO     | utils.database:connect:36 - 数据库连接成功
2025-08-31 17:42:45 | INFO     | utils.database:connect:36 - 数据库连接成功
2025-08-31 17:42:45 | INFO     | utils.database:disconnect:45 - 数据库连接已断开
2025-08-31 17:42:45 | ERROR    | core.international_hotspot_manager:get_statistics:82 - 获取统计数据失败: Already closed
2025-08-31 17:42:59 | INFO     | utils.database:connect:36 - 数据库连接成功
2025-08-31 17:42:59 | INFO     | utils.database:connect:36 - 数据库连接成功
2025-08-31 17:42:59 | INFO     | utils.database:disconnect:45 - 数据库连接已断开
2025-08-31 17:42:59 | ERROR    | core.international_hotspot_manager:get_statistics:82 - 获取统计数据失败: Already closed
2025-08-31 17:43:10 | INFO     | utils.database:connect:36 - 数据库连接成功
2025-08-31 17:43:10 | INFO     | utils.database:disconnect:45 - 数据库连接已断开
2025-08-31 17:43:10 | INFO     | utils.database:connect:36 - 数据库连接成功
2025-08-31 17:43:10 | INFO     | utils.database:disconnect:45 - 数据库连接已断开
2025-08-31 17:46:22 | INFO     | utils.database:connect:36 - 数据库连接成功
2025-08-31 17:46:22 | INFO     | utils.database:disconnect:45 - 数据库连接已断开
2025-08-31 17:46:22 | INFO     | utils.database:connect:36 - 数据库连接成功
2025-08-31 17:46:22 | INFO     | utils.database:disconnect:45 - 数据库连接已断开
2025-08-31 17:46:24 | INFO     | utils.database:connect:36 - 数据库连接成功
2025-08-31 17:46:24 | INFO     | utils.database:connect:36 - 数据库连接成功
2025-08-31 17:46:24 | ERROR    | utils.database:get_hotspots:120 - 获取热点数据失败: (2013, 'Lost connection to MySQL server during query')
2025-08-31 17:46:24 | INFO     | utils.database:disconnect:45 - 数据库连接已断开
2025-08-31 17:46:24 | ERROR    | core.international_hotspot_manager:get_hotspots:73 - 获取热点数据失败: Already closed
2025-08-31 17:46:28 | INFO     | utils.database:connect:36 - 数据库连接成功
2025-08-31 17:46:28 | INFO     | utils.database:connect:36 - 数据库连接成功
2025-08-31 17:46:28 | INFO     | utils.database:disconnect:45 - 数据库连接已断开
2025-08-31 17:46:28 | ERROR    | utils.database:get_hotspots:120 - 获取热点数据失败: 'NoneType' object has no attribute 'settimeout'
2025-08-31 17:46:28 | ERROR    | core.international_hotspot_manager:get_hotspots:73 - 获取热点数据失败: Already closed
2025-08-31 20:53:57 | INFO     | utils.database:connect:36 - 数据库连接成功
2025-08-31 20:53:57 | INFO     | utils.database:disconnect:45 - 数据库连接已断开
2025-08-31 20:53:57 | INFO     | utils.database:connect:36 - 数据库连接成功
2025-08-31 20:53:57 | INFO     | utils.database:disconnect:45 - 数据库连接已断开
2025-08-31 20:55:22 | INFO     | utils.database:connect:36 - 数据库连接成功
2025-08-31 20:55:22 | INFO     | utils.database:disconnect:45 - 数据库连接已断开
2025-08-31 20:55:22 | INFO     | utils.database:connect:36 - 数据库连接成功
2025-08-31 20:55:22 | INFO     | utils.database:disconnect:45 - 数据库连接已断开
2025-08-31 20:55:46 | INFO     | utils.database:connect:36 - 数据库连接成功
2025-08-31 20:55:46 | INFO     | utils.database:connect:36 - 数据库连接成功
2025-08-31 20:55:46 | INFO     | utils.database:disconnect:45 - 数据库连接已断开
2025-08-31 20:55:46 | ERROR    | utils.database:get_statistics:144 - 获取统计数据失败: 'NoneType' object has no attribute 'settimeout'
2025-08-31 20:55:46 | ERROR    | core.international_hotspot_manager:get_statistics:82 - 获取统计数据失败: Already closed
2025-08-31 20:57:04 | INFO     | utils.database:connect:36 - 数据库连接成功
2025-08-31 20:57:04 | INFO     | utils.database:disconnect:45 - 数据库连接已断开
2025-08-31 20:57:04 | INFO     | utils.database:connect:36 - 数据库连接成功
2025-08-31 20:57:04 | INFO     | utils.database:disconnect:45 - 数据库连接已断开
2025-08-31 21:03:48 | INFO     | utils.database:connect:36 - 数据库连接成功
2025-08-31 21:03:48 | INFO     | utils.database:connect:36 - 数据库连接成功
2025-08-31 21:03:48 | INFO     | utils.database:disconnect:45 - 数据库连接已断开
2025-08-31 21:03:48 | ERROR    | utils.database:get_statistics:144 - 获取统计数据失败: (0, '')
2025-08-31 21:03:48 | ERROR    | core.international_hotspot_manager:get_statistics:82 - 获取统计数据失败: Already closed
2025-08-31 21:05:12 | INFO     | utils.database:connect:36 - 数据库连接成功
2025-08-31 21:05:12 | INFO     | utils.database:connect:36 - 数据库连接成功
2025-08-31 21:05:12 | INFO     | utils.database:disconnect:45 - 数据库连接已断开
2025-08-31 21:05:12 | ERROR    | core.international_hotspot_manager:get_statistics:82 - 获取统计数据失败: Already closed
2025-08-31 21:05:13 | INFO     | utils.database:connect:36 - 数据库连接成功
2025-08-31 21:05:13 | INFO     | utils.database:connect:36 - 数据库连接成功
2025-08-31 21:05:13 | INFO     | utils.database:disconnect:45 - 数据库连接已断开
2025-08-31 21:05:13 | ERROR    | core.international_hotspot_manager:get_statistics:82 - 获取统计数据失败: Already closed
2025-08-31 21:05:14 | INFO     | utils.database:connect:36 - 数据库连接成功
2025-08-31 21:05:14 | INFO     | utils.database:connect:36 - 数据库连接成功
2025-08-31 21:05:14 | ERROR    | utils.database:get_hotspots:120 - 获取热点数据失败: (0, '')
2025-08-31 21:05:14 | INFO     | utils.database:disconnect:45 - 数据库连接已断开
2025-08-31 21:05:14 | ERROR    | core.international_hotspot_manager:get_hotspots:73 - 获取热点数据失败: Already closed
2025-08-31 21:05:23 | INFO     | utils.database:connect:36 - 数据库连接成功
2025-08-31 21:05:23 | INFO     | utils.database:disconnect:45 - 数据库连接已断开
2025-08-31 21:05:23 | INFO     | utils.database:connect:36 - 数据库连接成功
2025-08-31 21:05:23 | INFO     | utils.database:disconnect:45 - 数据库连接已断开
2025-08-31 21:06:08 | INFO     | utils.database:connect:36 - 数据库连接成功
2025-08-31 21:06:08 | INFO     | utils.database:disconnect:45 - 数据库连接已断开
2025-08-31 21:06:10 | INFO     | utils.database:connect:36 - 数据库连接成功
2025-08-31 21:06:10 | INFO     | utils.database:disconnect:45 - 数据库连接已断开
2025-08-31 21:06:21 | INFO     | utils.database:connect:36 - 数据库连接成功
2025-08-31 21:06:21 | INFO     | utils.database:disconnect:45 - 数据库连接已断开
2025-08-31 21:06:21 | INFO     | utils.database:connect:36 - 数据库连接成功
2025-08-31 21:06:21 | INFO     | utils.database:disconnect:45 - 数据库连接已断开
2025-08-31 21:06:29 | INFO     | utils.database:connect:36 - 数据库连接成功
2025-08-31 21:06:29 | INFO     | utils.database:connect:36 - 数据库连接成功
2025-08-31 21:06:29 | INFO     | utils.database:disconnect:45 - 数据库连接已断开
2025-08-31 21:06:29 | ERROR    | core.international_hotspot_manager:get_statistics:82 - 获取统计数据失败: Already closed
2025-08-31 21:06:30 | INFO     | utils.database:connect:36 - 数据库连接成功
2025-08-31 21:06:30 | INFO     | utils.database:disconnect:45 - 数据库连接已断开
2025-08-31 21:06:30 | INFO     | utils.database:connect:36 - 数据库连接成功
2025-08-31 21:06:31 | INFO     | utils.database:disconnect:45 - 数据库连接已断开
2025-08-31 21:06:32 | INFO     | utils.database:connect:36 - 数据库连接成功
2025-08-31 21:06:32 | INFO     | utils.database:connect:36 - 数据库连接成功
2025-08-31 21:06:32 | INFO     | utils.database:disconnect:45 - 数据库连接已断开
2025-08-31 21:06:32 | ERROR    | core.international_hotspot_manager:get_statistics:82 - 获取统计数据失败: Already closed
2025-08-31 21:06:34 | INFO     | utils.database:connect:36 - 数据库连接成功
2025-08-31 21:06:34 | INFO     | utils.database:disconnect:45 - 数据库连接已断开
2025-08-31 21:06:35 | INFO     | utils.database:connect:36 - 数据库连接成功
2025-08-31 21:06:35 | INFO     | utils.database:disconnect:45 - 数据库连接已断开
2025-08-31 21:06:57 | INFO     | utils.database:connect:36 - 数据库连接成功
2025-08-31 21:06:57 | INFO     | utils.database:connect:36 - 数据库连接成功
2025-08-31 21:06:57 | ERROR    | core.international_hotspot_manager:get_statistics:82 - 获取统计数据失败: Already closed
2025-08-31 21:06:57 | INFO     | utils.database:disconnect:45 - 数据库连接已断开
2025-08-31 21:08:57 | INFO     | utils.database:connect:36 - 数据库连接成功
2025-08-31 21:08:57 | INFO     | utils.database:disconnect:45 - 数据库连接已断开
2025-08-31 21:08:58 | INFO     | utils.database:connect:36 - 数据库连接成功
2025-08-31 21:08:58 | INFO     | utils.database:disconnect:45 - 数据库连接已断开
2025-08-31 21:09:47 | INFO     | utils.logger:setup:44 - 日志系统初始化完成
2025-08-31 21:09:47 | INFO     | utils.logger:setup:44 - 日志系统初始化完成
2025-08-31 21:09:47 | INFO     | __main__:<module>:108 - 启动国外热点数据服务，端口: 5004
2025-08-31 21:12:01 | INFO     | utils.logger:setup:44 - 日志系统初始化完成
2025-08-31 21:12:01 | INFO     | utils.logger:setup:44 - 日志系统初始化完成
2025-08-31 21:12:01 | INFO     | __main__:<module>:108 - 启动国外热点数据服务，端口: 5004
2025-08-31 21:16:16 | INFO     | utils.database:connect:36 - 数据库连接成功
2025-08-31 21:16:16 | INFO     | utils.database:connect:36 - 数据库连接成功
2025-08-31 21:16:16 | INFO     | utils.database:disconnect:45 - 数据库连接已断开
2025-08-31 21:16:17 | ERROR    | core.international_hotspot_manager:get_statistics:82 - 获取统计数据失败: Already closed
